09/13/2023 05:02:45 PM: INFO: ****** Nagative Login test ******
09/13/2023 05:02:50 PM: INFO: ****** Positive Login test ******
09/13/2023 05:03:00 PM: INFO: ********* Testcase Falied ***********
09/13/2023 05:11:46 PM: INFO: ****** Nagative Login test ******
09/13/2023 05:11:51 PM: INFO: ****** Positive Login test ******
09/13/2023 05:11:56 PM: INFO: ******** Login Complete testcase passed ***********
09/13/2023 05:11:56 PM: INFO: ******* test_01_login IS COMPLETED **********
09/13/2023 06:59:17 PM: WARNING: The chromedriver version (116.0.5845.96) detected in PATH at D:\selenium_webdriver\chromedriver.exe might not be compatible with the detected chrome version (117.0.5938.63); currently, chromedriver 117.0.5938.62 is recommended for chrome 117.*, so it is advised to delete the driver in PATH and retry
09/13/2023 06:59:26 PM: INFO: ****** Nagative Login test ******
09/13/2023 06:59:29 PM: INFO: ****** Positive Login test ******
09/13/2023 06:59:34 PM: INFO: ******** Login Complete testcase passed ***********
09/13/2023 06:59:34 PM: INFO: ******* test_01_login IS COMPLETED **********
09/13/2023 07:00:42 PM: WARNING: The chromedriver version (116.0.5845.96) detected in PATH at D:\selenium_webdriver\chromedriver.exe might not be compatible with the detected chrome version (117.0.5938.63); currently, chromedriver 117.0.5938.62 is recommended for chrome 117.*, so it is advised to delete the driver in PATH and retry
09/13/2023 07:00:50 PM: INFO: ****** Login ******
09/13/2023 07:01:42 PM: WARNING: The chromedriver version (116.0.5845.96) detected in PATH at D:\selenium_webdriver\chromedriver.exe might not be compatible with the detected chrome version (117.0.5938.63); currently, chromedriver 117.0.5938.62 is recommended for chrome 117.*, so it is advised to delete the driver in PATH and retry
09/13/2023 07:01:50 PM: INFO: ****** Login ******
09/13/2023 07:06:02 PM: WARNING: The chromedriver version (116.0.5845.96) detected in PATH at D:\selenium_webdriver\chromedriver.exe might not be compatible with the detected chrome version (117.0.5938.63); currently, chromedriver 117.0.5938.62 is recommended for chrome 117.*, so it is advised to delete the driver in PATH and retry
09/13/2023 07:06:10 PM: INFO: ****** Login ******
09/13/2023 07:07:08 PM: WARNING: The chromedriver version (116.0.5845.96) detected in PATH at D:\selenium_webdriver\chromedriver.exe might not be compatible with the detected chrome version (117.0.5938.63); currently, chromedriver 117.0.5938.62 is recommended for chrome 117.*, so it is advised to delete the driver in PATH and retry
09/13/2023 07:07:15 PM: INFO: ****** Login ******
09/13/2023 07:10:21 PM: WARNING: The chromedriver version (116.0.5845.96) detected in PATH at D:\selenium_webdriver\chromedriver.exe might not be compatible with the detected chrome version (117.0.5938.63); currently, chromedriver 117.0.5938.62 is recommended for chrome 117.*, so it is advised to delete the driver in PATH and retry
09/13/2023 07:10:30 PM: INFO: ****** Login ******
09/13/2023 07:14:02 PM: WARNING: The chromedriver version (116.0.5845.96) detected in PATH at D:\selenium_webdriver\chromedriver.exe might not be compatible with the detected chrome version (117.0.5938.63); currently, chromedriver 117.0.5938.62 is recommended for chrome 117.*, so it is advised to delete the driver in PATH and retry
09/13/2023 07:14:09 PM: INFO: ****** Login ******
09/13/2023 07:17:56 PM: WARNING: The chromedriver version (116.0.5845.96) detected in PATH at D:\selenium_webdriver\chromedriver.exe might not be compatible with the detected chrome version (117.0.5938.63); currently, chromedriver 117.0.5938.62 is recommended for chrome 117.*, so it is advised to delete the driver in PATH and retry
09/13/2023 07:18:03 PM: INFO: ****** Login ******
09/13/2023 07:19:56 PM: WARNING: The chromedriver version (116.0.5845.96) detected in PATH at D:\selenium_webdriver\chromedriver.exe might not be compatible with the detected chrome version (117.0.5938.63); currently, chromedriver 117.0.5938.62 is recommended for chrome 117.*, so it is advised to delete the driver in PATH and retry
09/13/2023 07:20:03 PM: INFO: ****** Login ******
09/13/2023 07:22:30 PM: WARNING: The chromedriver version (116.0.5845.96) detected in PATH at D:\selenium_webdriver\chromedriver.exe might not be compatible with the detected chrome version (117.0.5938.63); currently, chromedriver 117.0.5938.62 is recommended for chrome 117.*, so it is advised to delete the driver in PATH and retry
09/13/2023 07:22:38 PM: INFO: ****** Login ******
09/13/2023 07:25:05 PM: WARNING: The chromedriver version (116.0.5845.96) detected in PATH at D:\selenium_webdriver\chromedriver.exe might not be compatible with the detected chrome version (117.0.5938.63); currently, chromedriver 117.0.5938.62 is recommended for chrome 117.*, so it is advised to delete the driver in PATH and retry
09/13/2023 07:25:13 PM: INFO: ****** Login ******
09/13/2023 07:26:48 PM: WARNING: The chromedriver version (116.0.5845.96) detected in PATH at D:\selenium_webdriver\chromedriver.exe might not be compatible with the detected chrome version (117.0.5938.63); currently, chromedriver 117.0.5938.62 is recommended for chrome 117.*, so it is advised to delete the driver in PATH and retry
09/13/2023 07:26:55 PM: INFO: ****** Login ******
09/13/2023 07:30:24 PM: WARNING: The chromedriver version (116.0.5845.96) detected in PATH at D:\selenium_webdriver\chromedriver.exe might not be compatible with the detected chrome version (117.0.5938.63); currently, chromedriver 117.0.5938.62 is recommended for chrome 117.*, so it is advised to delete the driver in PATH and retry
09/13/2023 07:33:48 PM: INFO: ****** Login ******
09/13/2023 07:42:26 PM: INFO: ====== WebDriver manager ======
09/13/2023 07:43:06 PM: INFO: Get LATEST geckodriver version for 116.0 firefox
09/13/2023 07:43:07 PM: INFO: Get LATEST geckodriver version for 116.0 firefox
09/13/2023 07:43:08 PM: INFO: There is no [win64] geckodriver "v0.33.0" for browser firefox "116.0" in cache
09/13/2023 07:43:08 PM: INFO: Get LATEST geckodriver version for 116.0 firefox
09/13/2023 07:43:08 PM: INFO: Getting latest mozilla release info for v0.33.0
09/13/2023 07:43:08 PM: INFO: About to download new driver from https://github.com/mozilla/geckodriver/releases/download/v0.33.0/geckodriver-v0.33.0-win64.zip
09/13/2023 07:43:10 PM: INFO: Driver downloading response is 200
09/13/2023 07:43:10 PM: INFO: Get LATEST geckodriver version for 116.0 firefox
09/13/2023 07:43:11 PM: INFO: Driver has been saved in cache [C:\Users\User\.wdm\drivers\geckodriver\win64\v0.33.0]
09/13/2023 07:43:41 PM: INFO: ****** Login ******
09/13/2023 07:45:03 PM: INFO: ====== WebDriver manager ======
09/13/2023 07:45:08 PM: INFO: Get LATEST geckodriver version for 116.0 firefox
09/13/2023 07:45:09 PM: INFO: Get LATEST geckodriver version for 116.0 firefox
09/13/2023 07:45:09 PM: INFO: There is no [win64] geckodriver "v0.33.0" for browser firefox "116.0" in cache
09/13/2023 07:45:09 PM: INFO: Get LATEST geckodriver version for 116.0 firefox
09/13/2023 07:45:09 PM: INFO: Getting latest mozilla release info for v0.33.0
09/13/2023 07:45:10 PM: INFO: About to download new driver from https://github.com/mozilla/geckodriver/releases/download/v0.33.0/geckodriver-v0.33.0-win64.zip
09/13/2023 07:45:11 PM: INFO: Driver downloading response is 200
09/13/2023 07:45:12 PM: INFO: Get LATEST geckodriver version for 116.0 firefox
09/13/2023 07:45:12 PM: INFO: Driver has been saved in cache [C:\Users\User\.wdm\drivers\geckodriver\win64\v0.33.0]
09/13/2023 07:45:39 PM: INFO: ****** Login ******
09/13/2023 07:46:55 PM: INFO: ====== WebDriver manager ======
09/13/2023 07:47:00 PM: INFO: Get LATEST geckodriver version for 116.0 firefox
09/13/2023 07:47:01 PM: INFO: Get LATEST geckodriver version for 116.0 firefox
09/13/2023 07:47:01 PM: INFO: There is no [win64] geckodriver "v0.33.0" for browser firefox "116.0" in cache
09/13/2023 07:47:01 PM: INFO: Get LATEST geckodriver version for 116.0 firefox
09/13/2023 07:47:02 PM: INFO: Getting latest mozilla release info for v0.33.0
09/13/2023 07:47:02 PM: INFO: About to download new driver from https://github.com/mozilla/geckodriver/releases/download/v0.33.0/geckodriver-v0.33.0-win64.zip
09/13/2023 07:47:03 PM: INFO: Driver downloading response is 200
09/13/2023 07:47:04 PM: INFO: Get LATEST geckodriver version for 116.0 firefox
09/13/2023 07:47:04 PM: INFO: Driver has been saved in cache [C:\Users\User\.wdm\drivers\geckodriver\win64\v0.33.0]
09/13/2023 07:47:28 PM: INFO: ****** Login ******
09/13/2023 07:49:44 PM: INFO: ****** Login ******
09/13/2023 07:56:51 PM: INFO: ****** Login ******
09/13/2023 08:57:29 PM: INFO: ****** Login ******
09/13/2023 08:59:01 PM: INFO: ****** Login ******
09/14/2023 11:57:50 AM: INFO: ****** Nagative Login test ******
09/14/2023 11:57:56 AM: INFO: ****** Positive Login test ******
09/14/2023 11:58:01 AM: INFO: ******** Login successfully testcase passed ***********
09/14/2023 11:58:02 AM: INFO: ****** Log Out Test ******
09/14/2023 11:58:32 AM: INFO: ****** Nagative Login test ******
09/14/2023 11:58:34 AM: INFO: ****** Positive Login test ******
09/14/2023 11:58:39 AM: INFO: ******** Login successfully testcase passed ***********
09/14/2023 11:58:39 AM: INFO: ****** Log Out Test ******
09/14/2023 12:00:10 PM: INFO: ****** Nagative Login test ******
09/14/2023 12:00:13 PM: INFO: ****** Positive Login test ******
09/14/2023 12:00:17 PM: INFO: ******** Login successfully testcase passed ***********
09/14/2023 12:00:18 PM: INFO: ****** Log Out Test ******
09/14/2023 12:03:14 PM: INFO: ****** Nagative Login test ******
09/14/2023 12:03:17 PM: INFO: ****** Positive Login test ******
09/14/2023 12:03:22 PM: INFO: ******** Login successfully testcase passed ***********
09/14/2023 12:03:22 PM: INFO: ****** Log Out Test ******
09/14/2023 12:05:28 PM: INFO: ****** Nagative Login test ******
09/14/2023 12:05:30 PM: INFO: ****** Positive Login test ******
09/14/2023 12:05:35 PM: INFO: ******** Login successfully testcase passed ***********
09/14/2023 12:05:36 PM: INFO: ****** Log Out Test ******
09/14/2023 12:08:41 PM: INFO: ****** Nagative Login test ******
09/14/2023 12:08:43 PM: INFO: ****** Positive Login test ******
09/14/2023 12:08:48 PM: INFO: ******** Login successfully testcase passed ***********
09/14/2023 12:08:48 PM: INFO: ****** Log Out Test ******
09/14/2023 12:09:04 PM: INFO: ****** logout successfully tasecase passed ******
09/14/2023 12:09:05 PM: INFO: ******* test_01_login IS COMPLETED **********
09/14/2023 12:42:56 PM: INFO: ****** Nagative Login test ******
09/14/2023 12:42:56 PM: INFO: ****** Nagative Login test ******
09/14/2023 12:42:56 PM: INFO: ****** Nagative Login test ******
09/14/2023 12:42:58 PM: INFO: ****** Positive Login test ******
09/14/2023 12:42:58 PM: INFO: ****** Positive Login test ******
09/14/2023 12:42:58 PM: INFO: ****** Positive Login test ******
09/14/2023 12:43:02 PM: INFO: ******** Login successfully testcase passed ***********
09/14/2023 12:43:02 PM: INFO: ******** Login successfully testcase passed ***********
09/14/2023 12:43:02 PM: INFO: ******** Login successfully testcase passed ***********
09/14/2023 12:43:02 PM: INFO: ****** Log Out Test ******
09/14/2023 12:43:02 PM: INFO: ****** Log Out Test ******
09/14/2023 12:43:02 PM: INFO: ****** Log Out Test ******
09/14/2023 12:43:18 PM: INFO: ****** logout successfully tasecase passed ******
09/14/2023 12:43:18 PM: INFO: ****** logout successfully tasecase passed ******
09/14/2023 12:43:18 PM: INFO: ****** logout successfully tasecase passed ******
09/14/2023 12:43:19 PM: INFO: ******* test_01_login IS COMPLETED **********
09/14/2023 12:43:19 PM: INFO: ******* test_01_login IS COMPLETED **********
09/14/2023 12:43:19 PM: INFO: ******* test_01_login IS COMPLETED **********
09/14/2023 12:43:26 PM: INFO: ****** Login ******
09/14/2023 12:43:26 PM: INFO: ****** Login ******
09/14/2023 12:43:26 PM: INFO: ****** Login ******
09/14/2023 12:44:04 PM: INFO: ***** bug find *****
09/14/2023 12:44:04 PM: INFO: ***** bug find *****
09/14/2023 12:44:04 PM: INFO: ***** bug find *****
09/14/2023 12:44:05 PM: INFO: ***** test_02_student completed *****
09/14/2023 12:44:05 PM: INFO: ***** test_02_student completed *****
09/14/2023 12:44:05 PM: INFO: ***** test_02_student completed *****
09/14/2023 12:44:18 PM: INFO: ****** Login ******
09/14/2023 12:44:18 PM: INFO: ****** Login ******
09/14/2023 12:44:18 PM: INFO: ****** Login ******
09/14/2023 12:44:41 PM: INFO: ****** Add License successfully ******
09/14/2023 12:44:41 PM: INFO: ****** Add License successfully ******
09/14/2023 12:44:41 PM: INFO: ****** Add License successfully ******
09/14/2023 12:44:42 PM: INFO: ****** test_03_license completed ******
09/14/2023 12:44:42 PM: INFO: ****** test_03_license completed ******
09/14/2023 12:44:42 PM: INFO: ****** test_03_license completed ******
